MIF/HEX Update report for Processor
Sun Nov 19 18:25:27 2017
Quartus II 32-bit Version 11.1 Build 173 11/01/2011 SJ Web Edition


---------------------
; Table of Contents ;
---------------------
  1. Legal Notice
  2. MIF/HEX Update Summary
  3. MIF/HEX Update Processed Files
  4. MIF/HEX Update Messages



----------------
; Legal Notice ;
----------------
Copyright (C) 1991-2011 Altera Corporation
Your use of Altera Corporation's design tools, logic functions 
and other software and tools, and its AMPP partner logic 
functions, and any output files from any of the foregoing 
(including device programming or simulation files), and any 
associated documentation or information are expressly subject 
to the terms and conditions of the Altera Program License 
Subscription Agreement, Altera MegaCore Function License 
Agreement, or other applicable license agreement, including, 
without limitation, that your use is for the sole purpose of 
programming logic devices manufactured by Altera and sold by 
Altera or its authorized distributors.  Please refer to the 
applicable agreement for further details.



+---------------------------------------------------------------+
; MIF/HEX Update Summary                                        ;
+-----------------------+---------------------------------------+
; MIF/HEX Update Status ; Successful - Sun Nov 19 18:25:27 2017 ;
; Revision Name         ; Processor                             ;
; Top-level Entity Name ; processor                             ;
; Family                ; Cyclone II                            ;
; Device                ; EP2C20F484C7                          ;
+-----------------------+---------------------------------------+


+-----------------------------------------------------------------------+
; MIF/HEX Update Processed Files                                        ;
+-----------------------------------------------------------------------+
; File Name                                                             ;
+-----------------------------------------------------------------------+
; Z:/csce230/altera/Project/230project/Project/MemoryInitialization.mif ;
+-----------------------------------------------------------------------+


+-------------------------+
; MIF/HEX Update Messages ;
+-------------------------+
Info: *******************************************************************
Info: Running Quartus II 32-bit MIF/HEX Update
    Info: Version 11.1 Build 173 11/01/2011 SJ Web Edition
    Info: Processing started: Sun Nov 19 18:25:26 2017
Info: Command: quartus_cdb Project -c Processor --update_mif
Warning (113031): 1 out of 1024 addresses are reinitialized. The latest initialized data will replace the existing data. There are 1 warnings found, and 1 warnings are reported.
    Warning (113030): Memory Initialization File address 22 is reinitialized
Info (39024): Processed the following Memory Initialization File(s)
    Info (39025): Processed Memory Initialization File Z:/csce230/altera/Project/230project/Project/MemoryInitialization.mif
Info: Quartus II 32-bit MIF/HEX Update was successful. 0 errors, 2 warnings
    Info: Peak virtual memory: 309 megabytes
    Info: Processing ended: Sun Nov 19 18:25:27 2017
    Info: Elapsed time: 00:00:01
    Info: Total CPU time (on all processors): 00:00:01


